ca65 V2.19 - Git 0fca83500
Main file   : Wozmon.asm
Current file: Wozmon.asm

000000r 1               .setcpu "65C02"
000000r 1               .segment "WOZMON"
000000r 1               
000000r 1               ; Input Buffer
000000r 1               INPUT_BUFFER        := $0200             ; $0200-$02FF
000000r 1               
000000r 1               ; Serial Card | IO 5 | $9000-$9003
000000r 1               SC_DATA             := $9000             ; R/W
000000r 1               SC_RESET            := $9001             ; Write
000000r 1               SC_STATUS           := $9001             ; Read
000000r 1               SC_CMD              := $9002             ; R/W
000000r 1               SC_CTRL             := $9003             ; R/W
000000r 1               
000000r 1               ; Wozmon Vars
000000r 1               XAML  = $24                 ; Last "opened" location Low
000000r 1               XAMH  = $25                 ; Last "opened" location High
000000r 1               STL   = $26                 ; Store address Low
000000r 1               STH   = $27                 ; Store address High
000000r 1               L     = $28                 ; Hex value parsing Low
000000r 1               H     = $29                 ; Hex value parsing High
000000r 1               YSAV  = $2A                 ; Used to see if hex value is given
000000r 1               MODE  = $2B                 ; $00=XAM, $7F=STOR, $AE=BLOCK XAM
000000r 1               
000000r 1               IN    = INPUT_BUFFER        ; Input buffer
000000r 1               
000000r 1               RESET:
000000r 1  A9 10          lda     #$10              ; 8-N-1, 115200 baud
000002r 1  8D 03 90       sta     SC_CTRL
000005r 1  A0 8B          ldy     #$8B              ; No parity, no echo, no interrupts
000007r 1  8C 02 90       sty     SC_CMD
00000Ar 1               
00000Ar 1               NOTCR:
00000Ar 1  C9 08          cmp     #$08              ; Backspace key?
00000Cr 1  F0 13          beq     BACKSPACE         ; Yes
00000Er 1  C9 1B          cmp     #$1B              ; ESC?
000010r 1  F0 03          beq     ESCAPE            ; Yes
000012r 1  C8             iny                       ; Advance text index
000013r 1  10 0F          bpl     NEXTCHAR          ; Auto ESC if line longer than 127
000015r 1               
000015r 1               ESCAPE:
000015r 1  A9 5C          lda     #$5C              ; "\"
000017r 1  20 rr rr       jsr     ECHO              ; Output it
00001Ar 1               
00001Ar 1               GETLINE:
00001Ar 1  A9 0D          lda     #$0D              ; Send CR
00001Cr 1  20 rr rr       jsr     ECHO
00001Fr 1               
00001Fr 1  A0 01          ldy     #$01              ; Initialize text index
000021r 1               BACKSPACE:
000021r 1  88             dey                       ; Back up text index
000022r 1  30 F6          bmi     GETLINE           ; Beyond start of line, reinitialize
000024r 1               
000024r 1               NEXTCHAR:
000024r 1  AD 01 90       lda     SC_STATUS         ; Check status
000027r 1  29 08          and     #$08              ; Key ready?
000029r 1  F0 F9          beq     NEXTCHAR          ; Loop until ready
00002Br 1  AD 00 90       lda     SC_DATA           ; Load character. B7 will be '0'
00002Er 1  99 00 02       sta     IN,Y              ; Add to text buffer
000031r 1  20 rr rr       jsr     ECHO              ; Display character
000034r 1  C9 0D          cmp     #$0D              ; CR?
000036r 1  D0 D2          bne     NOTCR             ; No
000038r 1               
000038r 1  A0 FF          ldy     #$FF              ; Reset text index
00003Ar 1  A9 00          lda     #$00              ; For XAM mode
00003Cr 1  AA             tax                       ; X=0
00003Dr 1               SETBLOCK:
00003Dr 1  0A             asl
00003Er 1               SETSTOR:
00003Er 1  0A             asl                       ; Leaves $7B if setting STOR mode
00003Fr 1  85 2B          sta     MODE              ; $00 = XAM, $74 = STOR, $B8 = BLOK XAM
000041r 1               BLSKIP:
000041r 1  C8             iny                       ; Advance text index
000042r 1               NEXTITEM:
000042r 1  B9 00 02       lda     IN,Y              ; Get character
000045r 1  C9 0D          cmp     #$0D              ; CR?
000047r 1  F0 D1          beq     GETLINE           ; Yes, done this line
000049r 1  C9 2E          cmp     #$2E              ; "."?
00004Br 1  90 F4          bcc     BLSKIP            ; Skip delimiter
00004Dr 1  F0 EE          beq     SETBLOCK          ; Set BLOCK XAM mode
00004Fr 1  C9 3A          cmp     #$3A              ; ":"?
000051r 1  F0 EB          beq     SETSTOR           ; Yes, set STOR mode
000053r 1  C9 52          cmp     #$52              ; "R"?
000055r 1  F0 3B          beq     RUN               ; Yes, run user program
000057r 1  86 28          stx     L                 ; $00 -> L
000059r 1  86 29          stx     H                 ;    and H
00005Br 1  84 2A          sty     YSAV              ; Save Y for comparison
00005Dr 1               
00005Dr 1               NEXTHEX:
00005Dr 1  B9 00 02       lda     IN,Y              ; Get character for hex test
000060r 1  49 30          eor     #$30              ; Map digits to $0-9
000062r 1  C9 0A          cmp     #$0A              ; Digit?
000064r 1  90 06          bcc     DIG               ; Yes
000066r 1  69 88          adc     #$88              ; Map letter "A"-"F" to $FA-FF
000068r 1  C9 FA          cmp     #$FA              ; Hex letter?
00006Ar 1  90 11          bcc     NOTHEX            ; No, character not hex
00006Cr 1               DIG:
00006Cr 1  0A             asl
00006Dr 1  0A             asl                       ; Hex digit to MSD of A
00006Er 1  0A             asl
00006Fr 1  0A             asl
000070r 1               
000070r 1  A2 04          ldx     #$04              ; Shift count
000072r 1               HEXSHIFT:
000072r 1  0A             asl                       ; Hex digit left, MSB to carry
000073r 1  26 28          rol     L                 ; Rotate into LSD
000075r 1  26 29          rol     H                 ; Rotate into MSD's
000077r 1  CA             dex                       ; Done 4 shifts?
000078r 1  D0 F8          bne     HEXSHIFT          ; No, loop
00007Ar 1  C8             iny                       ; Advance text index
00007Br 1  D0 E0          bne     NEXTHEX           ; Always taken. Check next character for hex
00007Dr 1               
00007Dr 1               NOTHEX:
00007Dr 1  C4 2A          cpy     YSAV              ; Check if L, H empty (no hex digits)
00007Fr 1  F0 94          beq     ESCAPE            ; Yes, generate ESC sequence
000081r 1               
000081r 1  24 2B          bit     MODE              ; Test MODE byte
000083r 1  50 10          bvc     NOTSTOR           ; B6=0 is STOR, 1 is XAM and BLOCK XAM
000085r 1               
000085r 1  A5 28          lda     L                 ; LSD's of hex data
000087r 1  81 26          sta     (STL,X)           ; Store current 'store index'
000089r 1  E6 26          inc     STL               ; Increment store index
00008Br 1  D0 B5          bne     NEXTITEM          ; Get next item (no carry)
00008Dr 1  E6 27          inc     STH               ; Add carry to 'store index' high order
00008Fr 1               TONEXTITEM:
00008Fr 1  4C rr rr       jmp     NEXTITEM          ; Get next command item
000092r 1               
000092r 1               RUN:
000092r 1  6C 24 00       jmp     (XAML)            ; Run at current XAM index
000095r 1               
000095r 1               NOTSTOR:
000095r 1  30 2B          bmi     XAMNEXT           ; B7 = 0 for XAM, 1 for BLOCK XAM
000097r 1               
000097r 1  A2 02          ldx     #$02              ; Byte count
000099r 1               SETADR:
000099r 1  B5 27          lda     L-1,X             ; Copy hex data to
00009Br 1  95 25          sta     STL-1,X           ;  'store index'
00009Dr 1  95 23          sta     XAML-1,X          ; And to 'XAM index'
00009Fr 1  CA             dex                       ; Next of 2 bytes
0000A0r 1  D0 F7          bne     SETADR            ; Loop unless X = 0
0000A2r 1               
0000A2r 1               NXTPRNT:
0000A2r 1  D0 14          bne     PRDATA            ; NE means no address to print
0000A4r 1  A9 0D          lda     #$0D              ; CR
0000A6r 1  20 rr rr       jsr     ECHO              ; Output it
0000A9r 1  A5 25          lda     XAMH              ; 'Examine index' high-order byte
0000ABr 1  20 rr rr       jsr     PRBYTE            ; Output it in hex format
0000AEr 1  A5 24          lda     XAML              ; Low-order 'examine index' byte
0000B0r 1  20 rr rr       jsr     PRBYTE            ; Output it in hex format
0000B3r 1  A9 3A          lda     #$3A              ; ":"
0000B5r 1  20 rr rr       jsr     ECHO              ; Output it
0000B8r 1               
0000B8r 1               PRDATA:
0000B8r 1  A9 20          lda     #$20              ; Blank
0000BAr 1  20 rr rr       jsr     ECHO              ; Output it
0000BDr 1  A1 24          lda     (XAML,X)          ; Get data byte at 'examine index'
0000BFr 1  20 rr rr       jsr     PRBYTE            ; Output it in hex format
0000C2r 1               XAMNEXT:
0000C2r 1  86 2B          stx     MODE              ; 0 -> MODE (XAM mode)
0000C4r 1  A5 24          lda     XAML
0000C6r 1  C5 28          cmp     L                 ; Compare 'examine index' to hex data
0000C8r 1  A5 25          lda     XAMH
0000CAr 1  E5 29          sbc     H
0000CCr 1  B0 C1          bcs     TONEXTITEM        ; Not less, so no more data to output
0000CEr 1               
0000CEr 1  E6 24          inc     XAML
0000D0r 1  D0 02          bne     MOD8CHK           ; Increment 'examine index'
0000D2r 1  E6 25          inc     XAMH
0000D4r 1               
0000D4r 1               MOD8CHK:
0000D4r 1  A5 24          lda     XAML              ; Check low-order 'examine index' byte
0000D6r 1  29 07          and     #$07              ; For MOD 8 = 0
0000D8r 1  10 C8          bpl     NXTPRNT           ; Always taken
0000DAr 1               
0000DAr 1               PRBYTE:
0000DAr 1  48             pha                       ; Save A for LSD
0000DBr 1  4A             lsr
0000DCr 1  4A             lsr
0000DDr 1  4A             lsr                       ; MSD to LSD position
0000DEr 1  4A             lsr
0000DFr 1  20 rr rr       jsr     PRHEX             ; Output hex digit
0000E2r 1  68             pla                       ; Restore A
0000E3r 1               
0000E3r 1               PRHEX:
0000E3r 1  29 0F          and     #$0F              ; Mask LSD for hex print
0000E5r 1  09 30          ora     #$30              ; Add "0"
0000E7r 1  C9 3A          cmp     #$3A              ; Digit?
0000E9r 1  90 02          bcc     ECHO              ; Yes, output it
0000EBr 1  69 06          adc     #$06              ; Add offset for letter
0000EDr 1               
0000EDr 1               ECHO:
0000EDr 1  8D 00 90       sta SC_DATA               ; Echo character to Serial Card
0000F0r 1  48             pha
0000F1r 1               ECHO_WAIT:
0000F1r 1  AD 01 90       lda SC_STATUS
0000F4r 1  29 10          and #%00010000            ; Check if tx buffer not empty
0000F6r 1  F0 F9          beq ECHO_WAIT             ; Loop if tx buffer not empty
0000F8r 1  68             pla
0000F9r 1  60             rts
0000FAr 1               
0000FAr 1               .segment "VECTORS"
000000r 1               
000000r 1  rr rr          .word   RESET             ; NMI vector
000002r 1  rr rr          .word   RESET             ; RESET vector
000004r 1  rr rr          .word   RESET             ; IRQ vector
000004r 1               
